<?xml version="1.0" encoding="UTF-8"?>
<testng-results ignored="0" total="1" passed="1" failed="0" skipped="0">
  <reporter-output>
  </reporter-output>
  <suite started-at="2024-08-28T11:42:22 CDT" name="Surefire suite" finished-at="2024-08-28T11:42:45 CDT" duration-ms="22861">
    <groups>
    </groups>
    <test started-at="2024-08-28T11:42:22 CDT" name="Surefire test" finished-at="2024-08-28T11:42:45 CDT" duration-ms="22861">
      <class name="com.demo.selenium.test.RetirementCalculatorTest">
        <test-method is-config="true" signature="setUp()[pri:0, instance:com.demo.selenium.test.RetirementCalculatorTest@cd3fee8]" started-at="2024-08-28T11:42:22 CDT" name="setUp" finished-at="2024-08-28T11:42:30 CDT" duration-ms="7927" status="PASS">
          <reporter-output>
          </reporter-output>
        </test-method> <!-- setUp -->
        <test-method signature="testRetirementCalculator()[pri:0, instance:com.demo.selenium.test.RetirementCalculatorTest@cd3fee8]" started-at="2024-08-28T11:42:30 CDT" name="testRetirementCalculator" finished-at="2024-08-28T11:42:44 CDT" duration-ms="13877" status="PASS">
          <reporter-output>
          </reporter-output>
        </test-method> <!-- testRetirementCalculator -->
        <test-method is-config="true" signature="tearDown()[pri:0, instance:com.demo.selenium.test.RetirementCalculatorTest@cd3fee8]" started-at="2024-08-28T11:42:44 CDT" name="tearDown" finished-at="2024-08-28T11:42:45 CDT" duration-ms="919" status="PASS">
          <reporter-output>
          </reporter-output>
        </test-method> <!-- tearDown -->
      </class> <!-- com.demo.selenium.test.RetirementCalculatorTest -->
    </test> <!-- Surefire test -->
  </suite> <!-- Surefire suite -->
</testng-results>
