<?xml version="1.0" encoding="UTF-8"?>
<testng-results ignored="0" total="1" passed="1" failed="0" skipped="0">
  <reporter-output>
  </reporter-output>
  <suite started-at="2024-08-27T18:42:32 CDT" name="Retirement Calculator Suite" finished-at="2024-08-27T18:42:46 CDT" duration-ms="14464">
    <groups>
    </groups>
    <test started-at="2024-08-27T18:42:32 CDT" name="Retirement Calculator Tests" finished-at="2024-08-27T18:42:46 CDT" duration-ms="14464">
      <class name="com.demo.selenium.test.RetirementCalculatorTest">
        <test-method is-config="true" signature="setUp()[pri:0, instance:com.demo.selenium.test.RetirementCalculatorTest@72035809]" started-at="2024-08-27T18:42:32 CDT" name="setUp" finished-at="2024-08-27T18:42:36 CDT" duration-ms="4534" status="PASS">
          <reporter-output>
          </reporter-output>
        </test-method> <!-- setUp -->
        <test-method signature="testRetirementCalculator()[pri:0, instance:com.demo.selenium.test.RetirementCalculatorTest@72035809]" started-at="2024-08-27T18:42:36 CDT" name="testRetirementCalculator" finished-at="2024-08-27T18:42:45 CDT" duration-ms="9208" status="PASS">
          <reporter-output>
          </reporter-output>
        </test-method> <!-- testRetirementCalculator -->
        <test-method is-config="true" signature="tearDown()[pri:0, instance:com.demo.selenium.test.RetirementCalculatorTest@72035809]" started-at="2024-08-27T18:42:45 CDT" name="tearDown" finished-at="2024-08-27T18:42:46 CDT" duration-ms="615" status="PASS">
          <reporter-output>
          </reporter-output>
        </test-method> <!-- tearDown -->
      </class> <!-- com.demo.selenium.test.RetirementCalculatorTest -->
    </test> <!-- Retirement Calculator Tests -->
  </suite> <!-- Retirement Calculator Suite -->
</testng-results>
